#
# There is insufficient memory for the Java Runtime Environment to continue.
# Native memory allocation (mmap) failed to map 132120576 bytes for G1 virtual space
# Possible reasons:
#   The system is out of physical RAM or swap space
#   The process is running with CompressedOops enabled, and the Java Heap may be blocking the growth of the native heap
# Possible solutions:
#   Reduce memory load on the system
#   Increase physical memory or swap space
#   Check if swap backing store is full
#   Decrease Java heap size (-Xmx/-Xms)
#   Decrease number of Java threads
#   Decrease Java thread stack sizes (-Xss)
#   Set larger code cache with -XX:ReservedCodeCacheSize=
#   JVM is running with Unscaled Compressed Oops mode in which the Java heap is
#     placed in the first 4GB address space. The Java Heap base address is the
#     maximum limit for the native heap growth. Please use -XX:HeapBaseMinAddress
#     to set the Java Heap base and to place the Java Heap above 4GB virtual address.
# This output file may be truncated or incomplete.
#
#  Out of Memory Error (./open/src/hotspot/os/windows/os_windows.cpp:3472), pid=4980, tid=4704
#
# JRE version:  (15.0.1+9) (build )
# Java VM: OpenJDK 64-Bit Server VM (15.0.1+9-18, mixed mode, sharing, tiered, compressed oops, g1 gc, windows-amd64)
# No core dump will be written. Minidumps are not enabled by default on client versions of Windows
#

---------------  S U M M A R Y ------------

Command Line: -Dfile.encoding=Cp1252 -XX:+ShowCodeDetailsInExceptionMessages Practice

Host: Intel(R) Core(TM) i5-10300H CPU @ 2.50GHz, 8 cores, 7G,  Windows 10 , 64 bit Build 19041 (10.0.19041.662)
Time: Sat Jan 30 18:25:31 2021 India Standard Time elapsed time: 0.018559 seconds (0d 0h 0m 0s)

---------------  T H R E A D  ---------------

Current thread (0x00000271dc5a2fe0):  JavaThread "Unknown thread" [_thread_in_vm, id=4704, stack(0x000000d271d00000,0x000000d271e00000)]

Stack: [0x000000d271d00000,0x000000d271e00000]
Native frames: (J=compiled Java code, j=interpreted, Vv=VM code, C=native code)
V  [jvm.dll+0x62ae9a]
V  [jvm.dll+0x781389]
V  [jvm.dll+0x782ae3]
V  [jvm.dll+0x783143]
V  [jvm.dll+0x216265]
V  [jvm.dll+0x6281d9]
V  [jvm.dll+0x61cd15]
V  [jvm.dll+0x2d01fd]
V  [jvm.dll+0x2d0062]
V  [jvm.dll+0x2d603c]
V  [jvm.dll+0x325b2a]
V  [jvm.dll+0x3251f4]
V  [jvm.dll+0x2a717a]
V  [jvm.dll+0x2a8318]
V  [jvm.dll+0x75e101]
V  [jvm.dll+0x3343e4]
V  [jvm.dll+0x73e826]
V  [jvm.dll+0x3b7777]
V  [jvm.dll+0x3b9201]
C  [jli.dll+0x52fb]
C  [ucrtbase.dll+0x214c2]
C  [KERNEL32.DLL+0x17034]
C  [ntdll.dll+0x4d0d1]


---------------  P R O C E S S  ---------------

Threads class SMR info:
_java_thread_list=0x00007ffca9b74ff0, length=0, elements={
}

Java Threads: ( => current thread )

Other Threads:
  0x00000271dc5e0ce0 GCTaskThread "GC Thread#0" [stack: 0x000000d271e00000,0x000000d271f00000] [id=8160]
  0x00000271dc5f3160 ConcurrentGCThread "G1 Main Marker" [stack: 0x000000d271f00000,0x000000d272000000] [id=8252]
  0x00000271dc5f3cd0 ConcurrentGCThread "G1 Conc#0" [stack: 0x000000d272000000,0x000000d272100000] [id=13536]

[error occurred during error reporting (printing all threads), id 0xc0000005, EXCEPTION_ACCESS_VIOLATION (0xc0000005) at pc=0x00007ffca9368047]

VM state: not at safepoint (not fully initialized)

VM Mutex/Monitor currently owned by a thread:  ([mutex/lock_event])
[0x00000271dc59efc0] Heap_lock - owner thread: 0x00000271dc5a2fe0

Heap address: 0x0000000082800000, size: 2008 MB, Compressed Oops mode: 32-bit
CDS archive(s) mapped at: [0x0000000000000000-0x0000000000000000-0x0000000000000000), size 0, SharedBaseAddress: 0x0000000800000000, ArchiveRelocationMode: 0.
Narrow klass base: 0x0000000000000000, Narrow klass shift: 0, Narrow klass range: 0x0

Heap:
 garbage-first heap   total 129024K, used 0K [0x0000000082800000, 0x0000000100000000)
  region size 1024K, 0 young (0K), 0 survivors (0K)
 Metaspace       used 0K, capacity 0K, committed 0K, reserved 0K
  class space    used 0K, capacity 0K, committed 0K, reserved 0K

Heap Regions: E=young(eden), S=young(survivor), O=old, HS=humongous(starts), HC=humongous(continues), CS=collection set, F=free, OA=open archive, CA=closed archive, TAMS=top-at-mark-start (previous, next)

Card table byte_map: [0x00000271ef6e0000,0x00000271efad0000] _byte_map_base: 0x00000271ef2cc000

Marking Bits (Prev, Next): (CMBitMap*) 0x00000271dc5e1450, (CMBitMap*) 0x00000271dc5e1490
 Prev Bits: [0x00000271efec0000, 0x00000271f1e20000)
 Next Bits: [0x00000271f1e20000, 0x00000271f3d80000)

GC Heap History (0 events):
No events

Deoptimization events (0 events):
No events

Classes unloaded (0 events):
No events

Classes redefined (0 events):
No events

Internal exceptions (0 events):
No events

Events (1 events):
Event: 0.012 Loaded shared library D:\Threats\java-2020-12\eclipse\plugins\org.eclipse.justj.openjdk.hotspot.jre.full.win32.x86_64_15.0.1.v20201027-0507\jre\bin\java.dll


Dynamic libraries:
0x00007ff6a46b0000 - 0x00007ff6a46bd000 	D:\Threats\java-2020-12\eclipse\plugins\org.eclipse.justj.openjdk.hotspot.jre.full.win32.x86_64_15.0.1.v20201027-0507\jre\bin\javaw.exe
0x00007ffd18d30000 - 0x00007ffd18f26000 	C:\Windows\SYSTEM32\ntdll.dll
0x00007ffd18b10000 - 0x00007ffd18bcd000 	C:\Windows\System32\KERNEL32.DLL
0x00007ffd16880000 - 0x00007ffd16b49000 	C:\Windows\System32\KERNELBASE.dll
0x00007ffd130a0000 - 0x00007ffd130b9000 	D:\Threats\java-2020-12\eclipse\plugins\org.eclipse.justj.openjdk.hotspot.jre.full.win32.x86_64_15.0.1.v20201027-0507\jre\bin\VCRUNTIME140.dll
0x00007ffd16630000 - 0x00007ffd16730000 	C:\Windows\System32\ucrtbase.dll
0x00007ffd10be0000 - 0x00007ffd10bf8000 	D:\Threats\java-2020-12\eclipse\plugins\org.eclipse.justj.openjdk.hotspot.jre.full.win32.x86_64_15.0.1.v20201027-0507\jre\bin\jli.dll
0x00007ffd17130000 - 0x00007ffd172d0000 	C:\Windows\System32\USER32.dll
0x00007ffd00f20000 - 0x00007ffd011bb000 	C:\Windows\WinSxS\amd64_microsoft.windows.common-controls_6595b64144ccf1df_6.0.19041.746_none_ca02b4b61b8320a4\COMCTL32.dll
0x00007ffd16ce0000 - 0x00007ffd16d02000 	C:\Windows\System32\win32u.dll
0x00007ffd17c20000 - 0x00007ffd17cbe000 	C:\Windows\System32\msvcrt.dll
0x00007ffd18ae0000 - 0x00007ffd18b0a000 	C:\Windows\System32\GDI32.dll
0x00007ffd16520000 - 0x00007ffd1662b000 	C:\Windows\System32\gdi32full.dll
0x00007ffd16730000 - 0x00007ffd167cd000 	C:\Windows\System32\msvcp_win.dll
0x00007ffd17e20000 - 0x00007ffd17e50000 	C:\Windows\System32\IMM32.DLL
0x00007ffd13100000 - 0x00007ffd1310c000 	D:\Threats\java-2020-12\eclipse\plugins\org.eclipse.justj.openjdk.hotspot.jre.full.win32.x86_64_15.0.1.v20201027-0507\jre\bin\vcruntime140_1.dll
0x00007ffd03d30000 - 0x00007ffd03dc1000 	D:\Threats\java-2020-12\eclipse\plugins\org.eclipse.justj.openjdk.hotspot.jre.full.win32.x86_64_15.0.1.v20201027-0507\jre\bin\msvcp140.dll
0x00007ffca90b0000 - 0x00007ffca9c0e000 	D:\Threats\java-2020-12\eclipse\plugins\org.eclipse.justj.openjdk.hotspot.jre.full.win32.x86_64_15.0.1.v20201027-0507\jre\bin\server\jvm.dll
0x00007ffd182c0000 - 0x00007ffd1836c000 	C:\Windows\System32\ADVAPI32.dll
0x00007ffd17a50000 - 0x00007ffd17aec000 	C:\Windows\System32\sechost.dll
0x00007ffd17af0000 - 0x00007ffd17c1b000 	C:\Windows\System32\RPCRT4.dll
0x00007ffd17cc0000 - 0x00007ffd17cc8000 	C:\Windows\System32\PSAPI.DLL
0x00007ffd106e0000 - 0x00007ffd106e9000 	C:\Windows\SYSTEM32\WSOCK32.dll
0x00007ffd02c50000 - 0x00007ffd02c77000 	C:\Windows\SYSTEM32\WINMM.dll
0x00007ffd0fd40000 - 0x00007ffd0fd4a000 	C:\Windows\SYSTEM32\VERSION.dll
0x00007ffd18710000 - 0x00007ffd1877b000 	C:\Windows\System32\WS2_32.dll
0x00007ffd143d0000 - 0x00007ffd143e2000 	C:\Windows\SYSTEM32\kernel.appcore.dll
0x00007ffd07380000 - 0x00007ffd0738a000 	D:\Threats\java-2020-12\eclipse\plugins\org.eclipse.justj.openjdk.hotspot.jre.full.win32.x86_64_15.0.1.v20201027-0507\jre\bin\jimage.dll
0x00007ffd13ca0000 - 0x00007ffd13e84000 	C:\Windows\SYSTEM32\DBGHELP.DLL
0x00007ffcfb490000 - 0x00007ffcfb4bc000 	C:\Windows\SYSTEM32\dbgcore.DLL
0x00007ffd16d10000 - 0x00007ffd16d90000 	C:\Windows\System32\bcryptPrimitives.dll
0x00007ffd02f40000 - 0x00007ffd02f65000 	D:\Threats\java-2020-12\eclipse\plugins\org.eclipse.justj.openjdk.hotspot.jre.full.win32.x86_64_15.0.1.v20201027-0507\jre\bin\java.dll

dbghelp: loaded successfully - version: 4.0.5 - missing functions: none
symbol engine: initialized successfully - sym options: 0x614 - pdb path: .;D:\Threats\java-2020-12\eclipse\plugins\org.eclipse.justj.openjdk.hotspot.jre.full.win32.x86_64_15.0.1.v20201027-0507\jre\bin;C:\Windows\SYSTEM32;C:\Windows\WinSxS\amd64_microsoft.windows.common-controls_6595b64144ccf1df_6.0.19041.746_none_ca02b4b61b8320a4;D:\Threats\java-2020-12\eclipse\plugins\org.eclipse.justj.openjdk.hotspot.jre.full.win32.x86_64_15.0.1.v20201027-0507\jre\bin\server

VM Arguments:
jvm_args: -Dfile.encoding=Cp1252 -XX:+ShowCodeDetailsInExceptionMessages 
java_command: Practice
java_class_path (initial): D:\Threats\Java\Programs\MyDemo1\bin
Launcher Type: SUN_STANDARD

[Global flags]
     intx CICompilerCount                          = 4                                         {product} {ergonomic}
     uint ConcGCThreads                            = 2                                         {product} {ergonomic}
     uint G1ConcRefinementThreads                  = 8                                         {product} {ergonomic}
   size_t G1HeapRegionSize                         = 1048576                                   {product} {ergonomic}
    uintx GCDrainStackTargetSize                   = 64                                        {product} {ergonomic}
   size_t InitialHeapSize                          = 132120576                                 {product} {ergonomic}
   size_t MarkStackSize                            = 4194304                                   {product} {ergonomic}
   size_t MaxHeapSize                              = 2105540608                                {product} {ergonomic}
   size_t MinHeapDeltaBytes                        = 1048576                                   {product} {ergonomic}
   size_t MinHeapSize                              = 8388608                                   {product} {ergonomic}
    uintx NonNMethodCodeHeapSize                   = 5839372                                {pd product} {ergonomic}
    uintx NonProfiledCodeHeapSize                  = 122909434                              {pd product} {ergonomic}
    uintx ProfiledCodeHeapSize                     = 122909434                              {pd product} {ergonomic}
    uintx ReservedCodeCacheSize                    = 251658240                              {pd product} {ergonomic}
     bool SegmentedCodeCache                       = true                                      {product} {ergonomic}
     bool ShowCodeDetailsInExceptionMessages       = true                                   {manageable} {command line}
   size_t SoftMaxHeapSize                          = 2105540608                             {manageable} {ergonomic}
     bool UseCompressedClassPointers               = true                                 {lp64_product} {ergonomic}
     bool UseCompressedOops                        = true                                 {lp64_product} {ergonomic}
     bool UseG1GC                                  = true                                      {product} {ergonomic}
     bool UseLargePagesIndividualAllocation        = false                                  {pd product} {ergonomic}

Logging:
Log output configuration:
 #0: stdout all=warning uptime,level,tags
 #1: stderr all=off uptime,level,tags

Environment Variables:
JAVA_HOME=C:\Program Files\Java\jdk-15.0.1
PATH=D:/Threats/java-2020-12/eclipse//plugins/org.eclipse.justj.openjdk.hotspot.jre.full.win32.x86_64_15.0.1.v20201027-0507/jre/bin/server;D:/Threats/java-2020-12/eclipse//plugins/org.eclipse.justj.openjdk.hotspot.jre.full.win32.x86_64_15.0.1.v20201027-0507/jre/bin;C:\Program Files (x86)\Common Files\Oracle\Java\javapath;C:\Program Files\Common Files\Oracle\Java\javapath;C:\Windows\system32;C:\Windows;C:\Windows\System32\Wbem;C:\Windows\System32\WindowsPowerShell\v1.0\;C:\Windows\System32\OpenSSH\;C:\Program Files (x86)\NVIDIA Corporation\PhysX\Common;C:\Windows\system32;C:\Windows;C:\Windows\System32\Wbem;C:\Windows\System32\WindowsPowerShell\v1.0\;C:\Windows\System32\OpenSSH\;C:\Program Files\NVIDIA Corporation\NVIDIA NvDLISR;D:\Threats\MinGW\bin;D:\Threats\Java\bin;C:\Program Files\Java\jdk-15.0.1\bin;C:\Program Files\MySQL\MySQL Shell 8.0\bin\;C:\Users\dmura\AppData\Local\Microsoft\WindowsApps;;D:\Threats\java-2020-12\eclipse;
USERNAME=daRPan
OS=Windows_NT
PROCESSOR_IDENTIFIER=Intel64 Family 6 Model 165 Stepping 2, GenuineIntel



---------------  S Y S T E M  ---------------

OS:
 Windows 10 , 64 bit Build 19041 (10.0.19041.662)
OS uptime: 1 days 8:33 hours

CPU: total 8 (initial active 8) (4 cores per cpu, 2 threads per core) family 6 model 165 stepping 2 microcode 0xc8, cmov, cx8, fxsr, mmx, sse, sse2, sse3, ssse3, sse4.1, sse4.2, popcnt, vzeroupper, avx, avx2, aes, clmul, erms, 3dnowpref, lzcnt, ht, tsc, tscinvbit, bmi1, bmi2, adx, fma, clflush, clflushopt

Memory: 4k page, system-wide physical 8029M (980M free)
TotalPageFile size 39640M (AvailPageFile size 52M)
current process WorkingSet (physical memory assigned to process): 10M, peak: 10M
current process commit charge ("private bytes"): 60M, peak: 186M

vm_info: OpenJDK 64-Bit Server VM (15.0.1+9-18) for windows-amd64 JRE (15.0.1+9-18), built on Sep 15 2020 14:39:31 by "mach5one" with unknown MS VC++:1925

END.
